# JRE version: OpenJDK Runtime Environment (17.0.10) (build 17.0.10+0--11609105)
# Java VM: OpenJDK 64-Bit Server VM (17.0.10+0--11609105, mixed mode, tiered, compressed oops, compressed class ptrs, g1 gc, windows-amd64)
GC Precious Log:
 CPUs: 12 total, 12 available
 Memory: 16108M
 Large Page Support: Disabled
 NUMA Support: Disabled
 Compressed Oops: Enabled (Zero based)
 Heap Region Size: 2M
 Heap Min Capacity: 8M
 Heap Initial Capacity: 252M
 Heap Max Capacity: 4G
 Pre-touch: Disabled
 Parallel Workers: 10
 Concurrent Workers: 3
 Concurrent Refinement Workers: 10
 Periodic GC: Disabled
Heap:
 garbage-first heap   total 419840K, used 163518K [0x0000000700000000, 0x0000000800000000)
  region size 2048K, 1 young (2048K), 1 survivors (2048K)
 Metaspace       used 149291K, committed 150912K, reserved 1179648K
  class space    used 21094K, committed 21888K, reserved 1048576K
GC Heap History (20 events):
Event: 2134.350 GC heap after
{Heap after GC invocations=58 (full 0):
 garbage-first heap   total 419840K, used 205754K [0x0000000700000000, 0x0000000800000000)
  region size 2048K, 7 young (14336K), 7 survivors (14336K)
 Metaspace       used 146583K, committed 147776K, reserved 1179648K
  class space    used 20820K, committed 21440K, reserved 1048576K
}
Event: 2134.400 GC heap before
{Heap before GC invocations=58 (full 0):
 garbage-first heap   total 419840K, used 209850K [0x0000000700000000, 0x0000000800000000)
  region size 2048K, 10 young (20480K), 7 survivors (14336K)
 Metaspace       used 146615K, committed 147776K, reserved 1179648K
  class space    used 20824K, committed 21440K, reserved 1048576K
}
Event: 2134.417 GC heap after
{Heap after GC invocations=59 (full 0):
 garbage-first heap   total 419840K, used 174019K [0x0000000700000000, 0x0000000800000000)
  region size 2048K, 1 young (2048K), 1 survivors (2048K)
 Metaspace       used 146615K, committed 147776K, reserved 1179648K
  class space    used 20824K, committed 21440K, reserved 1048576K
}
Event: 2161.217 GC heap before
{Heap before GC invocations=59 (full 0):
 garbage-first heap   total 419840K, used 341955K [0x0000000700000000, 0x0000000800000000)
  region size 2048K, 83 young (169984K), 1 survivors (2048K)
 Metaspace       used 146929K, committed 148096K, reserved 1179648K
  class space    used 20842K, committed 21440K, reserved 1048576K
}
Event: 2161.220 GC heap after
{Heap after GC invocations=60 (full 0):
 garbage-first heap   total 419840K, used 174441K [0x0000000700000000, 0x0000000800000000)
  region size 2048K, 2 young (4096K), 2 survivors (4096K)
 Metaspace       used 146929K, committed 148096K, reserved 1179648K
  class space    used 20842K, committed 21440K, reserved 1048576K
}
Event: 2244.721 GC heap before
{Heap before GC invocations=60 (full 0):
 garbage-first heap   total 419840K, used 344425K [0x0000000700000000, 0x0000000800000000)
  region size 2048K, 85 young (174080K), 2 survivors (4096K)
 Metaspace       used 147348K, committed 148608K, reserved 1179648K
  class space    used 20864K, committed 21504K, reserved 1048576K
}
Event: 2244.727 GC heap after
{Heap after GC invocations=61 (full 0):
 garbage-first heap   total 419840K, used 177456K [0x0000000700000000, 0x0000000800000000)
  region size 2048K, 3 young (6144K), 3 survivors (6144K)
 Metaspace       used 147348K, committed 148608K, reserved 1179648K
  class space    used 20864K, committed 21504K, reserved 1048576K
}
Event: 2273.332 GC heap before
{Heap before GC invocations=61 (full 0):
 garbage-first heap   total 419840K, used 347440K [0x0000000700000000, 0x0000000800000000)
  region size 2048K, 87 young (178176K), 3 survivors (6144K)
 Metaspace       used 147888K, committed 149184K, reserved 1179648K
  class space    used 20910K, committed 21568K, reserved 1048576K
}
Event: 2273.342 GC heap after
{Heap after GC invocations=62 (full 0):
 garbage-first heap   total 419840K, used 183313K [0x0000000700000000, 0x0000000800000000)
  region size 2048K, 6 young (12288K), 6 survivors (12288K)
 Metaspace       used 147888K, committed 149184K, reserved 1179648K
  class space    used 20910K, committed 21568K, reserved 1048576K
}
Event: 2671.948 GC heap before
{Heap before GC invocations=63 (full 0):
 garbage-first heap   total 419840K, used 349201K [0x0000000700000000, 0x0000000800000000)
  region size 2048K, 87 young (178176K), 6 survivors (12288K)
 Metaspace       used 148735K, committed 150400K, reserved 1179648K
  class space    used 21089K, committed 21888K, reserved 1048576K
}
Event: 2671.956 GC heap after
{Heap after GC invocations=64 (full 0):
 garbage-first heap   total 419840K, used 185918K [0x0000000700000000, 0x0000000800000000)
  region size 2048K, 7 young (14336K), 7 survivors (14336K)
 Metaspace       used 148735K, committed 150400K, reserved 1179648K
  class space    used 21089K, committed 21888K, reserved 1048576K
}
Event: 2671.978 GC heap before
{Heap before GC invocations=64 (full 0):
 garbage-first heap   total 419840K, used 192062K [0x0000000700000000, 0x0000000800000000)
  region size 2048K, 10 young (20480K), 7 survivors (14336K)
 Metaspace       used 148739K, committed 150400K, reserved 1179648K
  class space    used 21089K, committed 21888K, reserved 1048576K
}
Event: 2672.017 GC heap after
{Heap after GC invocations=65 (full 0):
 garbage-first heap   total 419840K, used 162396K [0x0000000700000000, 0x0000000800000000)
  region size 2048K, 2 young (4096K), 2 survivors (4096K)
 Metaspace       used 148739K, committed 150400K, reserved 1179648K
  class space    used 21089K, committed 21888K, reserved 1048576K
}
Event: 2674.060 GC heap before
{Heap before GC invocations=65 (full 0):
 garbage-first heap   total 419840K, used 250460K [0x0000000700000000, 0x0000000800000000)
  region size 2048K, 47 young (96256K), 2 survivors (4096K)
 Metaspace       used 149013K, committed 150656K, reserved 1179648K
  class space    used 21092K, committed 21888K, reserved 1048576K
}
Event: 2674.063 GC heap after
{Heap after GC invocations=66 (full 0):
 garbage-first heap   total 419840K, used 163734K [0x0000000700000000, 0x0000000800000000)
  region size 2048K, 2 young (4096K), 2 survivors (4096K)
 Metaspace       used 149013K, committed 150656K, reserved 1179648K
  class space    used 21092K, committed 21888K, reserved 1048576K
}
Event: 2812.802 GC heap before
{Heap before GC invocations=67 (full 0):
 garbage-first heap   total 419840K, used 395158K [0x0000000700000000, 0x0000000800000000)
  region size 2048K, 90 young (184320K), 2 survivors (4096K)
 Metaspace       used 149181K, committed 150784K, reserved 1179648K
  class space    used 21094K, committed 21888K, reserved 1048576K
}
Event: 2812.813 GC heap after
{Heap after GC invocations=68 (full 0):
 garbage-first heap   total 419840K, used 177196K [0x0000000700000000, 0x0000000800000000)
  region size 2048K, 9 young (18432K), 9 survivors (18432K)
 Metaspace       used 149181K, committed 150784K, reserved 1179648K
  class space    used 21094K, committed 21888K, reserved 1048576K
}
Event: 2812.818 GC heap before
{Heap before GC invocations=68 (full 0):
 garbage-first heap   total 419840K, used 179244K [0x0000000700000000, 0x0000000800000000)
  region size 2048K, 10 young (20480K), 9 survivors (18432K)
 Metaspace       used 149181K, committed 150784K, reserved 1179648K
  class space    used 21094K, committed 21888K, reserved 1048576K
}
Event: 2812.835 GC heap after
{Heap after GC invocations=69 (full 0):
 garbage-first heap   total 419840K, used 163430K [0x0000000700000000, 0x0000000800000000)
  region size 2048K, 1 young (2048K), 1 survivors (2048K)
 Metaspace       used 149181K, committed 150784K, reserved 1179648K
  class space    used 21094K, committed 21888K, reserved 1048576K
}
Event: 2812.935 GC heap before
{Heap before GC invocations=69 (full 0):
 garbage-first heap   total 419840K, used 181862K [0x0000000700000000, 0x0000000800000000)
  region size 2048K, 11 young (22528K), 1 survivors (2048K)
 Metaspace       used 149291K, committed 150912K, reserved 1179648K
  class space    used 21094K, committed 21888K, reserved 1048576K
}

