# JRE version: OpenJDK Runtime Environment (17.0.10) (build 17.0.10+0--11609105)
# Java VM: OpenJDK 64-Bit Server VM (17.0.10+0--11609105, mixed mode, tiered, compressed oops, compressed class ptrs, g1 gc, windows-amd64)
GC Precious Log:
 CPUs: 12 total, 12 available
 Memory: 16108M
 Large Page Support: Disabled
 NUMA Support: Disabled
 Compressed Oops: Enabled (Zero based)
 Heap Region Size: 2M
 Heap Min Capacity: 8M
 Heap Initial Capacity: 252M
 Heap Max Capacity: 4G
 Pre-touch: Disabled
 Parallel Workers: 10
 Concurrent Workers: 3
 Concurrent Refinement Workers: 10
 Periodic GC: Disabled
Heap:
 garbage-first heap   total 342016K, used 160310K [0x0000000700000000, 0x0000000800000000)
  region size 2048K, 7 young (14336K), 7 survivors (14336K)
 Metaspace       used 130755K, committed 131904K, reserved 1179648K
  class space    used 18215K, committed 18752K, reserved 1048576K
GC Heap History (20 events):
Event: 19.298 GC heap after
{Heap after GC invocations=50 (full 0):
 garbage-first heap   total 337920K, used 162955K [0x0000000700000000, 0x0000000800000000)
  region size 2048K, 5 young (10240K), 5 survivors (10240K)
 Metaspace       used 106786K, committed 107584K, reserved 1179648K
  class space    used 14823K, committed 15232K, reserved 1048576K
}
Event: 95.001 GC heap before
{Heap before GC invocations=51 (full 0):
 garbage-first heap   total 337920K, used 296075K [0x0000000700000000, 0x0000000800000000)
  region size 2048K, 65 young (133120K), 5 survivors (10240K)
 Metaspace       used 108617K, committed 109504K, reserved 1179648K
  class space    used 15051K, committed 15488K, reserved 1048576K
}
Event: 95.010 GC heap after
{Heap after GC invocations=52 (full 0):
 garbage-first heap   total 337920K, used 133610K [0x0000000700000000, 0x0000000800000000)
  region size 2048K, 9 young (18432K), 9 survivors (18432K)
 Metaspace       used 108617K, committed 109504K, reserved 1179648K
  class space    used 15051K, committed 15488K, reserved 1048576K
}
Event: 95.028 GC heap before
{Heap before GC invocations=52 (full 0):
 garbage-first heap   total 337920K, used 135658K [0x0000000700000000, 0x0000000800000000)
  region size 2048K, 10 young (20480K), 9 survivors (18432K)
 Metaspace       used 108636K, committed 109504K, reserved 1179648K
  class space    used 15051K, committed 15488K, reserved 1048576K
}
Event: 95.034 GC heap after
{Heap after GC invocations=53 (full 0):
 garbage-first heap   total 337920K, used 134864K [0x0000000700000000, 0x0000000800000000)
  region size 2048K, 2 young (4096K), 2 survivors (4096K)
 Metaspace       used 108636K, committed 109504K, reserved 1179648K
  class space    used 15051K, committed 15488K, reserved 1048576K
}
Event: 96.996 GC heap before
{Heap before GC invocations=53 (full 0):
 garbage-first heap   total 337920K, used 274128K [0x0000000700000000, 0x0000000800000000)
  region size 2048K, 71 young (145408K), 2 survivors (4096K)
 Metaspace       used 116668K, committed 117568K, reserved 1179648K
  class space    used 16183K, committed 16640K, reserved 1048576K
}
Event: 97.002 GC heap after
{Heap after GC invocations=54 (full 0):
 garbage-first heap   total 337920K, used 140046K [0x0000000700000000, 0x0000000800000000)
  region size 2048K, 4 young (8192K), 4 survivors (8192K)
 Metaspace       used 116668K, committed 117568K, reserved 1179648K
  class space    used 16183K, committed 16640K, reserved 1048576K
}
Event: 98.423 GC heap before
{Heap before GC invocations=54 (full 0):
 garbage-first heap   total 337920K, used 246542K [0x0000000700000000, 0x0000000800000000)
  region size 2048K, 58 young (118784K), 4 survivors (8192K)
 Metaspace       used 128941K, committed 129984K, reserved 1179648K
  class space    used 18117K, committed 18624K, reserved 1048576K
}
Event: 98.429 GC heap after
{Heap after GC invocations=55 (full 0):
 garbage-first heap   total 337920K, used 142774K [0x0000000700000000, 0x0000000800000000)
  region size 2048K, 6 young (12288K), 6 survivors (12288K)
 Metaspace       used 128941K, committed 129984K, reserved 1179648K
  class space    used 18117K, committed 18624K, reserved 1048576K
}
Event: 229.727 GC heap before
{Heap before GC invocations=56 (full 0):
 garbage-first heap   total 337920K, used 312758K [0x0000000700000000, 0x0000000800000000)
  region size 2048K, 66 young (135168K), 6 survivors (12288K)
 Metaspace       used 129575K, committed 130624K, reserved 1179648K
  class space    used 18154K, committed 18688K, reserved 1048576K
}
Event: 229.742 GC heap after
{Heap after GC invocations=57 (full 0):
 garbage-first heap   total 337920K, used 153230K [0x0000000700000000, 0x0000000800000000)
  region size 2048K, 7 young (14336K), 7 survivors (14336K)
 Metaspace       used 129575K, committed 130624K, reserved 1179648K
  class space    used 18154K, committed 18688K, reserved 1048576K
}
Event: 229.780 GC heap before
{Heap before GC invocations=57 (full 0):
 garbage-first heap   total 337920K, used 155278K [0x0000000700000000, 0x0000000800000000)
  region size 2048K, 8 young (16384K), 7 survivors (14336K)
 Metaspace       used 129591K, committed 130624K, reserved 1179648K
  class space    used 18154K, committed 18688K, reserved 1048576K
}
Event: 229.793 GC heap after
{Heap after GC invocations=58 (full 0):
 garbage-first heap   total 337920K, used 148497K [0x0000000700000000, 0x0000000800000000)
  region size 2048K, 1 young (2048K), 1 survivors (2048K)
 Metaspace       used 129591K, committed 130624K, reserved 1179648K
  class space    used 18154K, committed 18688K, reserved 1048576K
}
Event: 231.749 GC heap before
{Heap before GC invocations=58 (full 0):
 garbage-first heap   total 337920K, used 220177K [0x0000000700000000, 0x0000000800000000)
  region size 2048K, 37 young (75776K), 1 survivors (2048K)
 Metaspace       used 130044K, committed 131136K, reserved 1179648K
  class space    used 18175K, committed 18688K, reserved 1048576K
}
Event: 231.753 GC heap after
{Heap after GC invocations=59 (full 0):
 garbage-first heap   total 337920K, used 149406K [0x0000000700000000, 0x0000000800000000)
  region size 2048K, 2 young (4096K), 2 survivors (4096K)
 Metaspace       used 130044K, committed 131136K, reserved 1179648K
  class space    used 18175K, committed 18688K, reserved 1048576K
}
Event: 267.029 GC heap before
{Heap before GC invocations=60 (full 0):
 garbage-first heap   total 342016K, used 323486K [0x0000000700000000, 0x0000000800000000)
  region size 2048K, 64 young (131072K), 2 survivors (4096K)
 Metaspace       used 130453K, committed 131584K, reserved 1179648K
  class space    used 18203K, committed 18752K, reserved 1048576K
}
Event: 267.040 GC heap after
{Heap after GC invocations=61 (full 0):
 garbage-first heap   total 342016K, used 160581K [0x0000000700000000, 0x0000000800000000)
  region size 2048K, 7 young (14336K), 7 survivors (14336K)
 Metaspace       used 130453K, committed 131584K, reserved 1179648K
  class space    used 18203K, committed 18752K, reserved 1048576K
}
Event: 267.053 GC heap before
{Heap before GC invocations=61 (full 0):
 garbage-first heap   total 342016K, used 162629K [0x0000000700000000, 0x0000000800000000)
  region size 2048K, 8 young (16384K), 7 survivors (14336K)
 Metaspace       used 130454K, committed 131584K, reserved 1179648K
  class space    used 18203K, committed 18752K, reserved 1048576K
}
Event: 267.065 GC heap after
{Heap after GC invocations=62 (full 0):
 garbage-first heap   total 342016K, used 149646K [0x0000000700000000, 0x0000000800000000)
  region size 2048K, 1 young (2048K), 1 survivors (2048K)
 Metaspace       used 130454K, committed 131584K, reserved 1179648K
  class space    used 18203K, committed 18752K, reserved 1048576K
}
Event: 440.474 GC heap before
{Heap before GC invocations=62 (full 0):
 garbage-first heap   total 342016K, used 276622K [0x0000000700000000, 0x0000000800000000)
  region size 2048K, 63 young (129024K), 1 survivors (2048K)
 Metaspace       used 130755K, committed 131904K, reserved 1179648K
  class space    used 18215K, committed 18752K, reserved 1048576K
}

