# JRE version: OpenJDK Runtime Environment (17.0.10) (build 17.0.10+0--11609105)
# Java VM: OpenJDK 64-Bit Server VM (17.0.10+0--11609105, mixed mode, tiered, compressed oops, compressed class ptrs, g1 gc, windows-amd64)
GC Precious Log:
 CPUs: 12 total, 12 available
 Memory: 16108M
 Large Page Support: Disabled
 NUMA Support: Disabled
 Compressed Oops: Enabled (Zero based)
 Heap Region Size: 2M
 Heap Min Capacity: 8M
 Heap Initial Capacity: 252M
 Heap Max Capacity: 4G
 Pre-touch: Disabled
 Parallel Workers: 10
 Concurrent Workers: 3
 Concurrent Refinement Workers: 10
 Periodic GC: Disabled
Heap:
 garbage-first heap   total 358400K, used 157082K [0x0000000700000000, 0x0000000800000000)
  region size 2048K, 3 young (6144K), 3 survivors (6144K)
 Metaspace       used 131779K, committed 132992K, reserved 1179648K
  class space    used 18323K, committed 18880K, reserved 1048576K
GC Heap History (20 events):
Event: 15.807 GC heap after
{Heap after GC invocations=45 (full 0):
 garbage-first heap   total 356352K, used 119915K [0x0000000700000000, 0x0000000800000000)
  region size 2048K, 5 young (10240K), 5 survivors (10240K)
 Metaspace       used 103172K, committed 104000K, reserved 1179648K
  class space    used 14423K, committed 14784K, reserved 1048576K
}
Event: 16.923 GC heap before
{Heap before GC invocations=45 (full 0):
 garbage-first heap   total 356352K, used 197739K [0x0000000700000000, 0x0000000800000000)
  region size 2048K, 25 young (51200K), 5 survivors (10240K)
 Metaspace       used 106688K, committed 107584K, reserved 1179648K
  class space    used 14792K, committed 15232K, reserved 1048576K
}
Event: 16.942 GC heap after
{Heap after GC invocations=46 (full 0):
 garbage-first heap   total 356352K, used 139440K [0x0000000700000000, 0x0000000800000000)
  region size 2048K, 7 young (14336K), 7 survivors (14336K)
 Metaspace       used 106688K, committed 107584K, reserved 1179648K
  class space    used 14792K, committed 15232K, reserved 1048576K
}
Event: 250.074 GC heap before
{Heap before GC invocations=46 (full 0):
 garbage-first heap   total 356352K, used 321712K [0x0000000700000000, 0x0000000800000000)
  region size 2048K, 81 young (165888K), 7 survivors (14336K)
 Metaspace       used 108811K, committed 109696K, reserved 1179648K
  class space    used 15032K, committed 15488K, reserved 1048576K
}
Event: 250.084 GC heap after
{Heap after GC invocations=47 (full 0):
 garbage-first heap   total 356352K, used 135136K [0x0000000700000000, 0x0000000800000000)
  region size 2048K, 11 young (22528K), 11 survivors (22528K)
 Metaspace       used 108811K, committed 109696K, reserved 1179648K
  class space    used 15032K, committed 15488K, reserved 1048576K
}
Event: 252.766 GC heap before
{Heap before GC invocations=47 (full 0):
 garbage-first heap   total 356352K, used 284640K [0x0000000700000000, 0x0000000800000000)
  region size 2048K, 85 young (174080K), 11 survivors (22528K)
 Metaspace       used 116081K, committed 117056K, reserved 1179648K
  class space    used 16049K, committed 16512K, reserved 1048576K
}
Event: 252.781 GC heap after
{Heap after GC invocations=48 (full 0):
 garbage-first heap   total 356352K, used 148163K [0x0000000700000000, 0x0000000800000000)
  region size 2048K, 7 young (14336K), 7 survivors (14336K)
 Metaspace       used 116081K, committed 117056K, reserved 1179648K
  class space    used 16049K, committed 16512K, reserved 1048576K
}
Event: 254.438 GC heap before
{Heap before GC invocations=48 (full 0):
 garbage-first heap   total 356352K, used 312003K [0x0000000700000000, 0x0000000800000000)
  region size 2048K, 68 young (139264K), 7 survivors (14336K)
 Metaspace       used 129706K, committed 130752K, reserved 1179648K
  class space    used 18166K, committed 18688K, reserved 1048576K
}
Event: 254.448 GC heap after
{Heap after GC invocations=49 (full 0):
 garbage-first heap   total 356352K, used 195195K [0x0000000700000000, 0x0000000800000000)
  region size 2048K, 2 young (4096K), 2 survivors (4096K)
 Metaspace       used 129706K, committed 130752K, reserved 1179648K
  class space    used 18166K, committed 18688K, reserved 1048576K
}
Event: 544.951 GC heap before
{Heap before GC invocations=50 (full 0):
 garbage-first heap   total 356352K, used 299643K [0x0000000700000000, 0x0000000800000000)
  region size 2048K, 51 young (104448K), 2 survivors (4096K)
 Metaspace       used 130201K, committed 131264K, reserved 1179648K
  class space    used 18198K, committed 18688K, reserved 1048576K
}
Event: 544.958 GC heap after
{Heap after GC invocations=51 (full 0):
 garbage-first heap   total 356352K, used 160816K [0x0000000700000000, 0x0000000800000000)
  region size 2048K, 7 young (14336K), 7 survivors (14336K)
 Metaspace       used 130201K, committed 131264K, reserved 1179648K
  class space    used 18198K, committed 18688K, reserved 1048576K
}
Event: 544.965 GC heap before
{Heap before GC invocations=51 (full 0):
 garbage-first heap   total 356352K, used 162864K [0x0000000700000000, 0x0000000800000000)
  region size 2048K, 8 young (16384K), 7 survivors (14336K)
 Metaspace       used 130204K, committed 131264K, reserved 1179648K
  class space    used 18198K, committed 18688K, reserved 1048576K
}
Event: 544.972 GC heap after
{Heap after GC invocations=52 (full 0):
 garbage-first heap   total 356352K, used 156308K [0x0000000700000000, 0x0000000800000000)
  region size 2048K, 1 young (2048K), 1 survivors (2048K)
 Metaspace       used 130204K, committed 131264K, reserved 1179648K
  class space    used 18198K, committed 18688K, reserved 1048576K
}
Event: 546.148 GC heap before
{Heap before GC invocations=52 (full 0):
 garbage-first heap   total 356352K, used 254612K [0x0000000700000000, 0x0000000800000000)
  region size 2048K, 51 young (104448K), 1 survivors (2048K)
 Metaspace       used 130985K, committed 132096K, reserved 1179648K
  class space    used 18284K, committed 18816K, reserved 1048576K
}
Event: 546.152 GC heap after
{Heap after GC invocations=53 (full 0):
 garbage-first heap   total 356352K, used 158830K [0x0000000700000000, 0x0000000800000000)
  region size 2048K, 3 young (6144K), 3 survivors (6144K)
 Metaspace       used 130985K, committed 132096K, reserved 1179648K
  class space    used 18284K, committed 18816K, reserved 1048576K
}
Event: 2132.215 GC heap before
{Heap before GC invocations=54 (full 0):
 garbage-first heap   total 358400K, used 334958K [0x0000000700000000, 0x0000000800000000)
  region size 2048K, 67 young (137216K), 3 survivors (6144K)
 Metaspace       used 131390K, committed 132480K, reserved 1179648K
  class space    used 18291K, committed 18816K, reserved 1048576K
}
Event: 2132.222 GC heap after
{Heap after GC invocations=55 (full 0):
 garbage-first heap   total 358400K, used 168254K [0x0000000700000000, 0x0000000800000000)
  region size 2048K, 7 young (14336K), 7 survivors (14336K)
 Metaspace       used 131390K, committed 132480K, reserved 1179648K
  class space    used 18291K, committed 18816K, reserved 1048576K
}
Event: 2132.228 GC heap before
{Heap before GC invocations=55 (full 0):
 garbage-first heap   total 358400K, used 170302K [0x0000000700000000, 0x0000000800000000)
  region size 2048K, 8 young (16384K), 7 survivors (14336K)
 Metaspace       used 131390K, committed 132480K, reserved 1179648K
  class space    used 18291K, committed 18816K, reserved 1048576K
}
Event: 2132.237 GC heap after
{Heap after GC invocations=56 (full 0):
 garbage-first heap   total 358400K, used 154921K [0x0000000700000000, 0x0000000800000000)
  region size 2048K, 1 young (2048K), 1 survivors (2048K)
 Metaspace       used 131390K, committed 132480K, reserved 1179648K
  class space    used 18291K, committed 18816K, reserved 1048576K
}
Event: 2133.665 GC heap before
{Heap before GC invocations=56 (full 0):
 garbage-first heap   total 358400K, used 245033K [0x0000000700000000, 0x0000000800000000)
  region size 2048K, 47 young (96256K), 1 survivors (2048K)
 Metaspace       used 131779K, committed 132992K, reserved 1179648K
  class space    used 18323K, committed 18880K, reserved 1048576K
}

