# JRE version: OpenJDK Runtime Environment (17.0.10) (build 17.0.10+0--11609105)
# Java VM: OpenJDK 64-Bit Server VM (17.0.10+0--11609105, mixed mode, tiered, compressed oops, compressed class ptrs, g1 gc, windows-amd64)
GC Precious Log:
 CPUs: 12 total, 12 available
 Memory: 16108M
 Large Page Support: Disabled
 NUMA Support: Disabled
 Compressed Oops: Enabled (Zero based)
 Heap Region Size: 2M
 Heap Min Capacity: 8M
 Heap Initial Capacity: 252M
 Heap Max Capacity: 4G
 Pre-touch: Disabled
 Parallel Workers: 10
 Concurrent Workers: 3
 Concurrent Refinement Workers: 10
 Periodic GC: Disabled
Heap:
 garbage-first heap   total 946176K, used 239899K [0x0000000700000000, 0x0000000800000000)
  region size 2048K, 3 young (6144K), 3 survivors (6144K)
 Metaspace       used 247511K, committed 249856K, reserved 1310720K
  class space    used 31893K, committed 33024K, reserved 1048576K
GC Heap History (20 events):
Event: 21755.880 GC heap after
{Heap after GC invocations=203 (full 2):
 garbage-first heap   total 778240K, used 230785K [0x0000000700000000, 0x0000000800000000)
  region size 2048K, 3 young (6144K), 3 survivors (6144K)
 Metaspace       used 247126K, committed 249472K, reserved 1310720K
  class space    used 31870K, committed 33024K, reserved 1048576K
}
Event: 21756.357 GC heap before
{Heap before GC invocations=203 (full 2):
 garbage-first heap   total 778240K, used 439681K [0x0000000700000000, 0x0000000800000000)
  region size 2048K, 107 young (219136K), 3 survivors (6144K)
 Metaspace       used 247217K, committed 249536K, reserved 1310720K
  class space    used 31870K, committed 33024K, reserved 1048576K
}
Event: 21756.362 GC heap after
{Heap after GC invocations=204 (full 2):
 garbage-first heap   total 778240K, used 239243K [0x0000000700000000, 0x0000000800000000)
  region size 2048K, 7 young (14336K), 7 survivors (14336K)
 Metaspace       used 247217K, committed 249536K, reserved 1310720K
  class space    used 31870K, committed 33024K, reserved 1048576K
}
Event: 21874.525 GC heap before
{Heap before GC invocations=205 (full 2):
 garbage-first heap   total 778240K, used 693899K [0x0000000700000000, 0x0000000800000000)
  region size 2048K, 189 young (387072K), 7 survivors (14336K)
 Metaspace       used 247293K, committed 249664K, reserved 1310720K
  class space    used 31870K, committed 33024K, reserved 1048576K
}
Event: 21874.535 GC heap after
{Heap after GC invocations=206 (full 2):
 garbage-first heap   total 778240K, used 240735K [0x0000000700000000, 0x0000000800000000)
  region size 2048K, 11 young (22528K), 11 survivors (22528K)
 Metaspace       used 247293K, committed 249664K, reserved 1310720K
  class space    used 31870K, committed 33024K, reserved 1048576K
}
Event: 21875.159 GC heap before
{Heap before GC invocations=206 (full 2):
 garbage-first heap   total 778240K, used 257119K [0x0000000700000000, 0x0000000800000000)
  region size 2048K, 19 young (38912K), 11 survivors (22528K)
 Metaspace       used 247293K, committed 249664K, reserved 1310720K
  class space    used 31870K, committed 33024K, reserved 1048576K
}
Event: 21875.181 GC heap after
{Heap after GC invocations=207 (full 2):
 garbage-first heap   total 778240K, used 233582K [0x0000000700000000, 0x0000000800000000)
  region size 2048K, 3 young (6144K), 3 survivors (6144K)
 Metaspace       used 247293K, committed 249664K, reserved 1310720K
  class space    used 31870K, committed 33024K, reserved 1048576K
}
Event: 21876.188 GC heap before
{Heap before GC invocations=207 (full 2):
 garbage-first heap   total 778240K, used 381038K [0x0000000700000000, 0x0000000800000000)
  region size 2048K, 77 young (157696K), 3 survivors (6144K)
 Metaspace       used 247303K, committed 249728K, reserved 1310720K
  class space    used 31870K, committed 33024K, reserved 1048576K
}
Event: 21876.194 GC heap after
{Heap after GC invocations=208 (full 2):
 garbage-first heap   total 778240K, used 236176K [0x0000000700000000, 0x0000000800000000)
  region size 2048K, 4 young (8192K), 4 survivors (8192K)
 Metaspace       used 247303K, committed 249728K, reserved 1310720K
  class space    used 31870K, committed 33024K, reserved 1048576K
}
Event: 22013.782 GC heap before
{Heap before GC invocations=209 (full 2):
 garbage-first heap   total 778240K, used 684688K [0x0000000700000000, 0x0000000800000000)
  region size 2048K, 194 young (397312K), 4 survivors (8192K)
 Metaspace       used 247339K, committed 249728K, reserved 1310720K
  class space    used 31870K, committed 33024K, reserved 1048576K
}
Event: 22013.795 GC heap after
{Heap after GC invocations=210 (full 2):
 garbage-first heap   total 778240K, used 265262K [0x0000000700000000, 0x0000000800000000)
  region size 2048K, 17 young (34816K), 17 survivors (34816K)
 Metaspace       used 247339K, committed 249728K, reserved 1310720K
  class space    used 31870K, committed 33024K, reserved 1048576K
}
Event: 22013.805 GC heap before
{Heap before GC invocations=210 (full 2):
 garbage-first heap   total 778240K, used 269358K [0x0000000700000000, 0x0000000800000000)
  region size 2048K, 19 young (38912K), 17 survivors (34816K)
 Metaspace       used 247339K, committed 249728K, reserved 1310720K
  class space    used 31870K, committed 33024K, reserved 1048576K
}
Event: 22013.824 GC heap after
{Heap after GC invocations=211 (full 2):
 garbage-first heap   total 778240K, used 236195K [0x0000000700000000, 0x0000000800000000)
  region size 2048K, 2 young (4096K), 2 survivors (4096K)
 Metaspace       used 247339K, committed 249728K, reserved 1310720K
  class space    used 31870K, committed 33024K, reserved 1048576K
}
Event: 22013.851 GC heap before
{Heap before GC invocations=211 (full 2):
 garbage-first heap   total 778240K, used 250531K [0x0000000700000000, 0x0000000800000000)
  region size 2048K, 10 young (20480K), 2 survivors (4096K)
 Metaspace       used 247339K, committed 249728K, reserved 1310720K
  class space    used 31870K, committed 33024K, reserved 1048576K
}
Event: 22013.858 GC heap after
{Heap after GC invocations=212 (full 2):
 garbage-first heap   total 778240K, used 243742K [0x0000000700000000, 0x0000000800000000)
  region size 2048K, 6 young (12288K), 6 survivors (12288K)
 Metaspace       used 247339K, committed 249728K, reserved 1310720K
  class space    used 31870K, committed 33024K, reserved 1048576K
}
Event: 22036.045 GC heap before
{Heap before GC invocations=213 (full 2):
 garbage-first heap   total 778240K, used 634910K [0x0000000700000000, 0x0000000800000000)
  region size 2048K, 184 young (376832K), 6 survivors (12288K)
 Metaspace       used 247500K, committed 249856K, reserved 1310720K
  class space    used 31893K, committed 33024K, reserved 1048576K
}
Event: 22036.054 GC heap after
{Heap after GC invocations=214 (full 2):
 garbage-first heap   total 778240K, used 250901K [0x0000000700000000, 0x0000000800000000)
  region size 2048K, 10 young (20480K), 10 survivors (20480K)
 Metaspace       used 247500K, committed 249856K, reserved 1310720K
  class space    used 31893K, committed 33024K, reserved 1048576K
}
Event: 22036.079 GC heap before
{Heap before GC invocations=214 (full 2):
 garbage-first heap   total 778240K, used 269333K [0x0000000700000000, 0x0000000800000000)
  region size 2048K, 19 young (38912K), 10 survivors (20480K)
 Metaspace       used 247500K, committed 249856K, reserved 1310720K
  class space    used 31893K, committed 33024K, reserved 1048576K
}
Event: 22036.085 GC heap after
{Heap after GC invocations=215 (full 2):
 garbage-first heap   total 778240K, used 237159K [0x0000000700000000, 0x0000000800000000)
  region size 2048K, 2 young (4096K), 2 survivors (4096K)
 Metaspace       used 247500K, committed 249856K, reserved 1310720K
  class space    used 31893K, committed 33024K, reserved 1048576K
}
Event: 22036.175 GC heap before
{Heap before GC invocations=215 (full 2):
 garbage-first heap   total 778240K, used 257639K [0x0000000700000000, 0x0000000800000000)
  region size 2048K, 13 young (26624K), 2 survivors (4096K)
 Metaspace       used 247511K, committed 249856K, reserved 1310720K
  class space    used 31893K, committed 33024K, reserved 1048576K
}

